[2023-12-12 08:37:47] This is codeql database finalize codeql-dbs/java
[2023-12-12 08:37:47] Log file was started late.
[2023-12-12 08:37:47] Calling plumbing command: codeql resolve languages --format=json
[2023-12-12 08:37:47] [DETAILS] resolve languages> Scanning for [codeql-extractor.yml] from /Users/lkemperman/Documents/codeql/.codeqlmanifest.json
[2023-12-12 08:37:47] [DETAILS] resolve languages> Parsing /Users/lkemperman/Documents/codeql/go/codeql-extractor.yml.
[2023-12-12 08:37:47] [DETAILS] resolve languages> Parsing /Users/lkemperman/Documents/codeql/python/codeql-extractor.yml.
[2023-12-12 08:37:47] [DETAILS] resolve languages> Parsing /Users/lkemperman/Documents/codeql/java/codeql-extractor.yml.
[2023-12-12 08:37:47] [DETAILS] resolve languages> Parsing /Users/lkemperman/Documents/codeql/html/codeql-extractor.yml.
[2023-12-12 08:37:47] [DETAILS] resolve languages> Parsing /Users/lkemperman/Documents/codeql/xml/codeql-extractor.yml.
[2023-12-12 08:37:47] [DETAILS] resolve languages> Parsing /Users/lkemperman/Documents/codeql/properties/codeql-extractor.yml.
[2023-12-12 08:37:47] [DETAILS] resolve languages> Parsing /Users/lkemperman/Documents/codeql/cpp/codeql-extractor.yml.
[2023-12-12 08:37:47] [DETAILS] resolve languages> Parsing /Users/lkemperman/Documents/codeql/swift/codeql-extractor.yml.
[2023-12-12 08:37:47] [DETAILS] resolve languages> Parsing /Users/lkemperman/Documents/codeql/csv/codeql-extractor.yml.
[2023-12-12 08:37:47] [DETAILS] resolve languages> Parsing /Users/lkemperman/Documents/codeql/yaml/codeql-extractor.yml.
[2023-12-12 08:37:47] [DETAILS] resolve languages> Parsing /Users/lkemperman/Documents/codeql/csharp/codeql-extractor.yml.
[2023-12-12 08:37:47] [DETAILS] resolve languages> Parsing /Users/lkemperman/Documents/codeql/javascript/codeql-extractor.yml.
[2023-12-12 08:37:47] [DETAILS] resolve languages> Parsing /Users/lkemperman/Documents/codeql/ruby/codeql-extractor.yml.
[2023-12-12 08:37:47] Plumbing command codeql resolve languages completed:
                      {
                        "aliases" : {
                          "c" : "cpp",
                          "c++" : "cpp",
                          "c-c++" : "cpp",
                          "c-cpp" : "cpp",
                          "c#" : "csharp",
                          "java-kotlin" : "java",
                          "kotlin" : "java",
                          "javascript-typescript" : "javascript",
                          "typescript" : "javascript"
                        },
                        "extractors" : {
                          "go" : [
                            {
                              "extractor_root" : "/Users/lkemperman/Documents/codeql/go"
                            }
                          ],
                          "python" : [
                            {
                              "extractor_root" : "/Users/lkemperman/Documents/codeql/python",
                              "extractor_options" : {
                                "logging" : {
                                  "title" : "Options pertaining to logging.",
                                  "description" : "Options pertaining to logging.",
                                  "type" : "object",
                                  "properties" : {
                                    "verbosity" : {
                                      "title" : "Python extractor logging verbosity level.",
                                      "description" : "Controls the level of verbosity of the CodeQL Python extractor.\nThe supported levels are (in order of increasing verbosity):\n\n  - off\n  - errors\n  - warnings\n  - info or progress\n  - debug or progress+\n  - trace or progress++\n  - progress+++\n",
                                      "type" : "string",
                                      "pattern" : "^(off|errors|warnings|(info|progress)|(debug|progress\\+)|(trace|progress\\+\\+)|progress\\+\\+\\+)$"
                                    }
                                  }
                                }
                              }
                            }
                          ],
                          "java" : [
                            {
                              "extractor_root" : "/Users/lkemperman/Documents/codeql/java",
                              "extractor_options" : {
                                "exclude" : {
                                  "title" : "A glob excluding files from analysis.",
                                  "description" : "A glob indicating what files to exclude from the analysis.\n",
                                  "type" : "string"
                                },
                                "add_prefer_source" : {
                                  "title" : "Whether to always prefer source files over class files.",
                                  "description" : "A value indicating whether source files should be preferred over class files. If set to 'true', the extraction adds '-Xprefer:source' to the javac command line. If set to 'false', the extraction uses the default javac behavior ('-Xprefer:newer'). The default is 'true'.\n",
                                  "type" : "string",
                                  "pattern" : "^(false|true)$"
                                },
                                "buildless" : {
                                  "title" : "Whether to use buildless (standalone) extraction (experimental).",
                                  "description" : "A value indicating, which type of extraction the autobuilder should perform. If 'true', then the standalone extractor will be used, otherwise tracing extraction will be performed. The default is 'false'. Note that buildless extraction will generally yield less accurate analysis results, and should only be used in cases where it is not possible to build the code (for example if it uses inaccessible dependencies).\n",
                                  "type" : "string",
                                  "pattern" : "^(false|true)$"
                                }
                              }
                            }
                          ],
                          "html" : [
                            {
                              "extractor_root" : "/Users/lkemperman/Documents/codeql/html"
                            }
                          ],
                          "xml" : [
                            {
                              "extractor_root" : "/Users/lkemperman/Documents/codeql/xml"
                            }
                          ],
                          "properties" : [
                            {
                              "extractor_root" : "/Users/lkemperman/Documents/codeql/properties"
                            }
                          ],
                          "cpp" : [
                            {
                              "extractor_root" : "/Users/lkemperman/Documents/codeql/cpp"
                            }
                          ],
                          "swift" : [
                            {
                              "extractor_root" : "/Users/lkemperman/Documents/codeql/swift"
                            }
                          ],
                          "csv" : [
                            {
                              "extractor_root" : "/Users/lkemperman/Documents/codeql/csv"
                            }
                          ],
                          "yaml" : [
                            {
                              "extractor_root" : "/Users/lkemperman/Documents/codeql/yaml"
                            }
                          ],
                          "csharp" : [
                            {
                              "extractor_root" : "/Users/lkemperman/Documents/codeql/csharp",
                              "extractor_options" : {
                                "trap" : {
                                  "title" : "Options pertaining to TRAP.",
                                  "description" : "Options pertaining to TRAP.",
                                  "type" : "object",
                                  "properties" : {
                                    "compression" : {
                                      "title" : "Controls compression for the TRAP files written by the extractor.",
                                      "description" : "This option is only intended for use in debugging the extractor. Accepted values are 'brotli' (the default, to write brotli-compressed TRAP), 'gzip', and 'none' (to write uncompressed TRAP).\n",
                                      "type" : "string",
                                      "pattern" : "^(none|gzip|brotli)$"
                                    }
                                  }
                                },
                                "buildless" : {
                                  "title" : "Whether to use buildless (standalone) extraction.",
                                  "description" : "A value indicating, which type of extraction the autobuilder should perform. If 'true', then the standalone extractor will be used, otherwise tracing extraction will be performed. The default is 'false'. Note that buildless extraction will generally yield less accurate analysis results, and should only be used in cases where it is not possible to build the code (for example if it uses inaccessible dependencies).\n",
                                  "type" : "string",
                                  "pattern" : "^(false|true)$"
                                },
                                "cil" : {
                                  "title" : "Whether to enable CIL extraction.",
                                  "description" : "A value indicating, whether CIL extraction should be enabled. The default is 'true'.\n",
                                  "type" : "string",
                                  "pattern" : "^(false|true)$"
                                }
                              }
                            }
                          ],
                          "javascript" : [
                            {
                              "extractor_root" : "/Users/lkemperman/Documents/codeql/javascript",
                              "extractor_options" : { }
                            }
                          ],
                          "ruby" : [
                            {
                              "extractor_root" : "/Users/lkemperman/Documents/codeql/ruby",
                              "extractor_options" : {
                                "trap" : {
                                  "title" : "Options pertaining to TRAP.",
                                  "description" : "Options pertaining to TRAP.",
                                  "type" : "object",
                                  "properties" : {
                                    "compression" : {
                                      "title" : "Controls compression for the TRAP files written by the extractor.",
                                      "description" : "This option is only intended for use in debugging the extractor. Accepted values are 'gzip' (the default, to write gzip-compressed TRAP) and 'none' (to write uncompressed TRAP).\n",
                                      "type" : "string",
                                      "pattern" : "^(none|gzip)$"
                                    }
                                  }
                                }
                              }
                            }
                          ]
                        }
                      }
[2023-12-12 08:37:47] [SPAMMIER] database finalize> Loaded the following extractors: Go, Python, Java/Kotlin, HTML, XML, Java Properties Files, C/C++, Swift, CSV, YAML, C#, JavaScript/TypeScript, Ruby
[2023-12-12 08:37:47] [ERROR] database finalize> CodeQL detected code written in Java/Kotlin but could not process any of it. This can occur if the specified build commands failed to compile or process any code.
                               - Confirm that there is some source code for the specified language in the project.
                               - For codebases written in Go, JavaScript, TypeScript, and Python, do not specify 
                                 an explicit --command.
                               - For other languages, the --command must specify a "clean" build which compiles 
                                 all the source code files without reusing existing build artefacts.
[2023-12-12 08:37:47] Exiting with code 32
